# JRE version: Java(TM) SE Runtime Environment 18.9 (11.0.18+9) (build 11.0.18+9-LTS-195)
# Java VM: Java HotSpot(TM) 64-Bit Server VM 18.9 (11.0.18+9-LTS-195, mixed mode, tiered, compressed oops, g1 gc, windows-amd64)
Heap:
 garbage-first heap   total 262144K, used 64048K [0x0000000701c00000, 0x0000000800000000)
  region size 1024K, 42 young (43008K), 3 survivors (3072K)
 Metaspace       used 43923K, capacity 44345K, committed 44752K, reserved 1089536K
  class space    used 5169K, capacity 5384K, committed 5504K, reserved 1048576K
GC Heap History (10 events):
Event: 1.298 GC heap before
{Heap before GC invocations=0 (full 0):
 garbage-first heap   total 262144K, used 18432K [0x0000000701c00000, 0x0000000800000000)
  region size 1024K, 14 young (14336K), 0 survivors (0K)
 Metaspace       used 9320K, capacity 9421K, committed 9600K, reserved 1058816K
  class space    used 786K, capacity 820K, committed 896K, reserved 1048576K
}
Event: 1.303 GC heap after
{Heap after GC invocations=1 (full 0):
 garbage-first heap   total 262144K, used 6257K [0x0000000701c00000, 0x0000000800000000)
  region size 1024K, 2 young (2048K), 2 survivors (2048K)
 Metaspace       used 9320K, capacity 9421K, committed 9600K, reserved 1058816K
  class space    used 786K, capacity 820K, committed 896K, reserved 1048576K
}
Event: 3.322 GC heap before
{Heap before GC invocations=1 (full 0):
 garbage-first heap   total 262144K, used 55409K [0x0000000701c00000, 0x0000000800000000)
  region size 1024K, 51 young (52224K), 2 survivors (2048K)
 Metaspace       used 20925K, capacity 21100K, committed 21296K, reserved 1069056K
  class space    used 2242K, capacity 2340K, committed 2432K, reserved 1048576K
}
Event: 3.333 GC heap after
{Heap after GC invocations=2 (full 0):
 garbage-first heap   total 262144K, used 10890K [0x0000000701c00000, 0x0000000800000000)
  region size 1024K, 7 young (7168K), 7 survivors (7168K)
 Metaspace       used 20925K, capacity 21100K, committed 21296K, reserved 1069056K
  class space    used 2242K, capacity 2340K, committed 2432K, reserved 1048576K
}
Event: 8.234 GC heap before
{Heap before GC invocations=3 (full 0):
 garbage-first heap   total 262144K, used 69258K [0x0000000701c00000, 0x0000000800000000)
  region size 1024K, 58 young (59392K), 7 survivors (7168K)
 Metaspace       used 31637K, capacity 32024K, committed 32304K, reserved 1077248K
  class space    used 3974K, capacity 4144K, committed 4224K, reserved 1048576K
}
Event: 8.256 GC heap after
{Heap after GC invocations=4 (full 0):
 garbage-first heap   total 262144K, used 24285K [0x0000000701c00000, 0x0000000800000000)
  region size 1024K, 8 young (8192K), 8 survivors (8192K)
 Metaspace       used 31637K, capacity 32024K, committed 32304K, reserved 1077248K
  class space    used 3974K, capacity 4144K, committed 4224K, reserved 1048576K
}
Event: 8.387 GC heap before
{Heap before GC invocations=4 (full 0):
 garbage-first heap   total 262144K, used 28381K [0x0000000701c00000, 0x0000000800000000)
  region size 1024K, 12 young (12288K), 8 survivors (8192K)
 Metaspace       used 32750K, capacity 33112K, committed 33200K, reserved 1079296K
  class space    used 4102K, capacity 4272K, committed 4352K, reserved 1048576K
}
Event: 8.399 GC heap after
{Heap after GC invocations=5 (full 0):
 garbage-first heap   total 262144K, used 25855K [0x0000000701c00000, 0x0000000800000000)
  region size 1024K, 2 young (2048K), 2 survivors (2048K)
 Metaspace       used 32750K, capacity 33112K, committed 33200K, reserved 1079296K
  class space    used 4102K, capacity 4272K, committed 4352K, reserved 1048576K
}
Event: 8.902 GC heap before
{Heap before GC invocations=5 (full 0):
 garbage-first heap   total 262144K, used 40191K [0x0000000701c00000, 0x0000000800000000)
  region size 1024K, 17 young (17408K), 2 survivors (2048K)
 Metaspace       used 35481K, capacity 35843K, committed 35920K, reserved 1081344K
  class space    used 4388K, capacity 4564K, committed 4608K, reserved 1048576K
}
Event: 8.914 GC heap after
{Heap after GC invocations=6 (full 0):
 garbage-first heap   total 262144K, used 25136K [0x0000000701c00000, 0x0000000800000000)
  region size 1024K, 3 young (3072K), 3 survivors (3072K)
 Metaspace       used 35481K, capacity 35843K, committed 35920K, reserved 1081344K
  class space    used 4388K, capacity 4564K, committed 4608K, reserved 1048576K
}

